{"C:\\Users\\NDWATI\\Desktop\\Microverse\\Module_2\\Block_2\\todo-list\\src\\crud.js": {"path":"C:\\Users\\NDWATI\\Desktop\\Microverse\\Module_2\\Block_2\\todo-list\\src\\crud.js","statementMap":{"0":{"start":{"line":6,"column":4},"end":{"line":6,"column":16}},"1":{"start":{"line":10,"column":4},"end":{"line":10,"column":57}},"2":{"start":{"line":14,"column":18},"end":{"line":14,"column":59}},"3":{"start":{"line":15,"column":4},"end":{"line":15,"column":28}},"4":{"start":{"line":15,"column":15},"end":{"line":15,"column":28}},"5":{"start":{"line":16,"column":4},"end":{"line":16,"column":14}},"6":{"start":{"line":20,"column":4},"end":{"line":40,"column":5}},"7":{"start":{"line":21,"column":22},"end":{"line":25,"column":7}},"8":{"start":{"line":27,"column":26},"end":{"line":27,"column":55}},"9":{"start":{"line":28,"column":18},"end":{"line":28,"column":36}},"10":{"start":{"line":30,"column":6},"end":{"line":30,"column":40}},"11":{"start":{"line":31,"column":6},"end":{"line":31,"column":36}},"12":{"start":{"line":32,"column":6},"end":{"line":32,"column":28}},"13":{"start":{"line":33,"column":6},"end":{"line":33,"column":30}},"14":{"start":{"line":35,"column":6},"end":{"line":35,"column":32}},"15":{"start":{"line":36,"column":6},"end":{"line":36,"column":47}},"16":{"start":{"line":37,"column":6},"end":{"line":39,"column":7}},"17":{"start":{"line":38,"column":8},"end":{"line":38,"column":33}},"18":{"start":{"line":44,"column":4},"end":{"line":60,"column":5}},"19":{"start":{"line":45,"column":23},"end":{"line":45,"column":52}},"20":{"start":{"line":47,"column":23},"end":{"line":50,"column":8}},"21":{"start":{"line":48,"column":8},"end":{"line":48,"column":51}},"22":{"start":{"line":48,"column":39},"end":{"line":48,"column":51}},"23":{"start":{"line":49,"column":8},"end":{"line":49,"column":20}},"24":{"start":{"line":52,"column":6},"end":{"line":54,"column":9}},"25":{"start":{"line":53,"column":8},"end":{"line":53,"column":54}},"26":{"start":{"line":56,"column":6},"end":{"line":56,"column":44}},"27":{"start":{"line":57,"column":6},"end":{"line":59,"column":7}},"28":{"start":{"line":58,"column":8},"end":{"line":58,"column":33}},"29":{"start":{"line":64,"column":18},"end":{"line":64,"column":47}},"30":{"start":{"line":65,"column":4},"end":{"line":65,"column":44}},"31":{"start":{"line":65,"column":25},"end":{"line":65,"column":42}},"32":{"start":{"line":67,"column":18},"end":{"line":70,"column":5}},"33":{"start":{"line":68,"column":6},"end":{"line":68,"column":52}},"34":{"start":{"line":68,"column":35},"end":{"line":68,"column":52}},"35":{"start":{"line":69,"column":6},"end":{"line":69,"column":18}},"36":{"start":{"line":72,"column":4},"end":{"line":86,"column":7}},"37":{"start":{"line":73,"column":6},"end":{"line":85,"column":8}},"38":{"start":{"line":90,"column":21},"end":{"line":90,"column":50}},"39":{"start":{"line":91,"column":4},"end":{"line":95,"column":7}},"40":{"start":{"line":92,"column":6},"end":{"line":94,"column":7}},"41":{"start":{"line":93,"column":8},"end":{"line":93,"column":39}},"42":{"start":{"line":96,"column":4},"end":{"line":96,"column":42}},"43":{"start":{"line":97,"column":4},"end":{"line":99,"column":5}},"44":{"start":{"line":98,"column":6},"end":{"line":98,"column":31}},"45":{"start":{"line":103,"column":0},"end":{"line":103,"column":22}}},"fnMap":{"0":{"name":"(anonymous_0)","decl":{"start":{"line":5,"column":2},"end":{"line":5,"column":3}},"loc":{"start":{"line":5,"column":16},"end":{"line":7,"column":3}},"line":5},"1":{"name":"(anonymous_1)","decl":{"start":{"line":9,"column":2},"end":{"line":9,"column":3}},"loc":{"start":{"line":9,"column":27},"end":{"line":11,"column":3}},"line":9},"2":{"name":"(anonymous_2)","decl":{"start":{"line":13,"column":2},"end":{"line":13,"column":3}},"loc":{"start":{"line":13,"column":22},"end":{"line":17,"column":3}},"line":13},"3":{"name":"(anonymous_3)","decl":{"start":{"line":19,"column":2},"end":{"line":19,"column":3}},"loc":{"start":{"line":19,"column":53},"end":{"line":41,"column":3}},"line":19},"4":{"name":"(anonymous_4)","decl":{"start":{"line":43,"column":2},"end":{"line":43,"column":3}},"loc":{"start":{"line":43,"column":17},"end":{"line":61,"column":3}},"line":43},"5":{"name":"(anonymous_5)","decl":{"start":{"line":47,"column":39},"end":{"line":47,"column":40}},"loc":{"start":{"line":47,"column":49},"end":{"line":50,"column":7}},"line":47},"6":{"name":"(anonymous_6)","decl":{"start":{"line":52,"column":23},"end":{"line":52,"column":24}},"loc":{"start":{"line":52,"column":36},"end":{"line":54,"column":7}},"line":52},"7":{"name":"(anonymous_7)","decl":{"start":{"line":63,"column":2},"end":{"line":63,"column":3}},"loc":{"start":{"line":63,"column":17},"end":{"line":87,"column":3}},"line":63},"8":{"name":"(anonymous_8)","decl":{"start":{"line":65,"column":15},"end":{"line":65,"column":16}},"loc":{"start":{"line":65,"column":25},"end":{"line":65,"column":42}},"line":65},"9":{"name":"(anonymous_9)","decl":{"start":{"line":67,"column":18},"end":{"line":67,"column":19}},"loc":{"start":{"line":67,"column":28},"end":{"line":70,"column":5}},"line":67},"10":{"name":"(anonymous_10)","decl":{"start":{"line":72,"column":18},"end":{"line":72,"column":19}},"loc":{"start":{"line":72,"column":28},"end":{"line":86,"column":5}},"line":72},"11":{"name":"(anonymous_11)","decl":{"start":{"line":89,"column":2},"end":{"line":89,"column":3}},"loc":{"start":{"line":89,"column":31},"end":{"line":100,"column":3}},"line":89},"12":{"name":"(anonymous_12)","decl":{"start":{"line":91,"column":21},"end":{"line":91,"column":22}},"loc":{"start":{"line":91,"column":31},"end":{"line":95,"column":5}},"line":91}},"branchMap":{"0":{"loc":{"start":{"line":15,"column":4},"end":{"line":15,"column":28}},"type":"if","locations":[{"start":{"line":15,"column":4},"end":{"line":15,"column":28}},{"start":{},"end":{}}],"line":15},"1":{"loc":{"start":{"line":19,"column":23},"end":{"line":19,"column":40}},"type":"default-arg","locations":[{"start":{"line":19,"column":35},"end":{"line":19,"column":40}}],"line":19},"2":{"loc":{"start":{"line":19,"column":42},"end":{"line":19,"column":51}},"type":"default-arg","locations":[{"start":{"line":19,"column":50},"end":{"line":19,"column":51}}],"line":19},"3":{"loc":{"start":{"line":20,"column":4},"end":{"line":40,"column":5}},"type":"if","locations":[{"start":{"line":20,"column":4},"end":{"line":40,"column":5}},{"start":{},"end":{}}],"line":20},"4":{"loc":{"start":{"line":37,"column":6},"end":{"line":39,"column":7}},"type":"if","locations":[{"start":{"line":37,"column":6},"end":{"line":39,"column":7}},{"start":{},"end":{}}],"line":37},"5":{"loc":{"start":{"line":44,"column":4},"end":{"line":60,"column":5}},"type":"if","locations":[{"start":{"line":44,"column":4},"end":{"line":60,"column":5}},{"start":{},"end":{}}],"line":44},"6":{"loc":{"start":{"line":48,"column":8},"end":{"line":48,"column":51}},"type":"if","locations":[{"start":{"line":48,"column":8},"end":{"line":48,"column":51}},{"start":{},"end":{}}],"line":48},"7":{"loc":{"start":{"line":57,"column":6},"end":{"line":59,"column":7}},"type":"if","locations":[{"start":{"line":57,"column":6},"end":{"line":59,"column":7}},{"start":{},"end":{}}],"line":57},"8":{"loc":{"start":{"line":68,"column":6},"end":{"line":68,"column":52}},"type":"if","locations":[{"start":{"line":68,"column":6},"end":{"line":68,"column":52}},{"start":{},"end":{}}],"line":68},"9":{"loc":{"start":{"line":92,"column":6},"end":{"line":94,"column":7}},"type":"if","locations":[{"start":{"line":92,"column":6},"end":{"line":94,"column":7}},{"start":{},"end":{}}],"line":92},"10":{"loc":{"start":{"line":97,"column":4},"end":{"line":99,"column":5}},"type":"if","locations":[{"start":{"line":97,"column":4},"end":{"line":99,"column":5}},{"start":{},"end":{}}],"line":97}},"s":{"0":1,"1":2,"2":2,"3":2,"4":1,"5":1,"6":1,"7":1,"8":1,"9":1,"10":1,"11":1,"12":1,"13":1,"14":1,"15":1,"16":1,"17":0,"18":1,"19":1,"20":1,"21":1,"22":0,"23":1,"24":1,"25":0,"26":1,"27":1,"28":0,"29":0,"30":0,"31":0,"32":0,"33":0,"34":0,"35":0,"36":0,"37":0,"38":0,"39":0,"40":0,"41":0,"42":0,"43":0,"44":0,"45":1},"f":{"0":1,"1":2,"2":2,"3":1,"4":1,"5":1,"6":0,"7":0,"8":0,"9":0,"10":0,"11":0,"12":0},"b":{"0":[1,1],"1":[1],"2":[1],"3":[1,0],"4":[0,1],"5":[1,0],"6":[0,1],"7":[0,1],"8":[0,0],"9":[0,0],"10":[0,0]},"_coverageSchema":"1a1c01bbd47fc00a2c39e90264f33305004495a9","hash":"54e6238737994a1a3743eef42556513ace0b37a5"}
}
